{"C:\\Users\\USER\\.gemini\\antigravity\\scratch\\pony-game\\src\\App.tsx": {"path":"C:\\Users\\USER\\.gemini\\antigravity\\scratch\\pony-game\\src\\App.tsx","statementMap":{"0":{"start":{"line":10,"column":66},"end":{"line":10,"column":null}},"1":{"start":{"line":11,"column":38},"end":{"line":11,"column":null}},"2":{"start":{"line":12,"column":56},"end":{"line":12,"column":null}},"3":{"start":{"line":13,"column":46},"end":{"line":13,"column":null}},"4":{"start":{"line":14,"column":42},"end":{"line":14,"column":null}},"5":{"start":{"line":15,"column":34},"end":{"line":15,"column":null}},"6":{"start":{"line":16,"column":34},"end":{"line":16,"column":null}},"7":{"start":{"line":19,"column":26},"end":{"line":19,"column":null}},"8":{"start":{"line":20,"column":22},"end":{"line":20,"column":null}},"9":{"start":{"line":20,"column":74},"end":{"line":20,"column":null}},"10":{"start":{"line":21,"column":23},"end":{"line":21,"column":null}},"11":{"start":{"line":21,"column":29},"end":{"line":21,"column":null}},"12":{"start":{"line":24,"column":42},"end":{"line":24,"column":null}},"13":{"start":{"line":25,"column":36},"end":{"line":25,"column":null}},"14":{"start":{"line":26,"column":44},"end":{"line":26,"column":null}},"15":{"start":{"line":28,"column":24},"end":{"line":56,"column":null}},"16":{"start":{"line":29,"column":8},"end":{"line":32,"column":null}},"17":{"start":{"line":30,"column":12},"end":{"line":30,"column":null}},"18":{"start":{"line":31,"column":12},"end":{"line":31,"column":null}},"19":{"start":{"line":33,"column":8},"end":{"line":33,"column":null}},"20":{"start":{"line":34,"column":8},"end":{"line":55,"column":null}},"21":{"start":{"line":35,"column":29},"end":{"line":35,"column":null}},"22":{"start":{"line":36,"column":12},"end":{"line":44,"column":null}},"23":{"start":{"line":37,"column":16},"end":{"line":37,"column":null}},"24":{"start":{"line":40,"column":16},"end":{"line":43,"column":null}},"25":{"start":{"line":45,"column":12},"end":{"line":45,"column":null}},"26":{"start":{"line":48,"column":12},"end":{"line":51,"column":null}},"27":{"start":{"line":52,"column":12},"end":{"line":52,"column":null}},"28":{"start":{"line":54,"column":12},"end":{"line":54,"column":null}},"29":{"start":{"line":58,"column":28},"end":{"line":88,"column":null}},"30":{"start":{"line":59,"column":8},"end":{"line":59,"column":null}},"31":{"start":{"line":60,"column":8},"end":{"line":87,"column":null}},"32":{"start":{"line":61,"column":29},"end":{"line":61,"column":null}},"33":{"start":{"line":62,"column":12},"end":{"line":81,"column":null}},"34":{"start":{"line":64,"column":36},"end":{"line":64,"column":null}},"35":{"start":{"line":65,"column":37},"end":{"line":74,"column":null}},"36":{"start":{"line":66,"column":57},"end":{"line":66,"column":null}},"37":{"start":{"line":67,"column":33},"end":{"line":67,"column":null}},"38":{"start":{"line":68,"column":20},"end":{"line":72,"column":null}},"39":{"start":{"line":69,"column":36},"end":{"line":69,"column":null}},"40":{"start":{"line":70,"column":24},"end":{"line":70,"column":null}},"41":{"start":{"line":71,"column":24},"end":{"line":71,"column":null}},"42":{"start":{"line":71,"column":43},"end":{"line":71,"column":null}},"43":{"start":{"line":73,"column":20},"end":{"line":73,"column":null}},"44":{"start":{"line":75,"column":16},"end":{"line":75,"column":null}},"45":{"start":{"line":76,"column":16},"end":{"line":76,"column":null}},"46":{"start":{"line":77,"column":16},"end":{"line":77,"column":null}},"47":{"start":{"line":78,"column":16},"end":{"line":78,"column":null}},"48":{"start":{"line":80,"column":16},"end":{"line":80,"column":null}},"49":{"start":{"line":83,"column":12},"end":{"line":83,"column":null}},"50":{"start":{"line":84,"column":12},"end":{"line":84,"column":null}},"51":{"start":{"line":86,"column":12},"end":{"line":86,"column":null}},"52":{"start":{"line":90,"column":31},"end":{"line":116,"column":null}},"53":{"start":{"line":91,"column":8},"end":{"line":115,"column":null}},"54":{"start":{"line":92,"column":12},"end":{"line":92,"column":null}},"55":{"start":{"line":92,"column":44},"end":{"line":92,"column":52}},"56":{"start":{"line":95,"column":32},"end":{"line":95,"column":null}},"57":{"start":{"line":96,"column":18},"end":{"line":96,"column":null}},"58":{"start":{"line":99,"column":12},"end":{"line":99,"column":null}},"59":{"start":{"line":102,"column":12},"end":{"line":106,"column":null}},"60":{"start":{"line":103,"column":16},"end":{"line":105,"column":null}},"61":{"start":{"line":104,"column":20},"end":{"line":104,"column":null}},"62":{"start":{"line":108,"column":12},"end":{"line":113,"column":null}},"63":{"start":{"line":114,"column":12},"end":{"line":114,"column":null}},"64":{"start":{"line":118,"column":4},"end":{"line":271,"column":null}},"65":{"start":{"line":133,"column":47},"end":{"line":133,"column":null}},"66":{"start":{"line":134,"column":48},"end":{"line":134,"column":null}},"67":{"start":{"line":143,"column":47},"end":{"line":143,"column":null}},"68":{"start":{"line":147,"column":36},"end":{"line":147,"column":null}},"69":{"start":{"line":169,"column":43},"end":{"line":169,"column":null}},"70":{"start":{"line":185,"column":47},"end":{"line":185,"column":null}},"71":{"start":{"line":206,"column":61},"end":{"line":206,"column":null}},"72":{"start":{"line":218,"column":61},"end":{"line":218,"column":null}},"73":{"start":{"line":222,"column":48},"end":{"line":222,"column":null}},"74":{"start":{"line":238,"column":74},"end":{"line":238,"column":98}}},"fnMap":{"0":{"name":"App","decl":{"start":{"line":9,"column":9},"end":{"line":9,"column":15}},"loc":{"start":{"line":9,"column":15},"end":{"line":273,"column":null}},"line":9},"1":{"name":"(anonymous_1)","decl":{"start":{"line":20,"column":22},"end":{"line":20,"column":23}},"loc":{"start":{"line":20,"column":74},"end":{"line":20,"column":null}},"line":20},"2":{"name":"(anonymous_2)","decl":{"start":{"line":21,"column":23},"end":{"line":21,"column":29}},"loc":{"start":{"line":21,"column":29},"end":{"line":21,"column":null}},"line":21},"3":{"name":"(anonymous_3)","decl":{"start":{"line":28,"column":24},"end":{"line":28,"column":36}},"loc":{"start":{"line":28,"column":36},"end":{"line":56,"column":null}},"line":28},"4":{"name":"(anonymous_4)","decl":{"start":{"line":58,"column":28},"end":{"line":58,"column":40}},"loc":{"start":{"line":58,"column":40},"end":{"line":88,"column":null}},"line":58},"5":{"name":"(anonymous_5)","decl":{"start":{"line":65,"column":156},"end":{"line":65,"column":157}},"loc":{"start":{"line":65,"column":168},"end":{"line":74,"column":17}},"line":65},"6":{"name":"(anonymous_6)","decl":{"start":{"line":68,"column":38},"end":{"line":68,"column":39}},"loc":{"start":{"line":68,"column":50},"end":{"line":72,"column":21}},"line":68},"7":{"name":"(anonymous_7)","decl":{"start":{"line":90,"column":31},"end":{"line":90,"column":43}},"loc":{"start":{"line":90,"column":43},"end":{"line":116,"column":null}},"line":90},"8":{"name":"(anonymous_8)","decl":{"start":{"line":92,"column":36},"end":{"line":92,"column":44}},"loc":{"start":{"line":92,"column":44},"end":{"line":92,"column":52}},"line":92},"9":{"name":"(anonymous_9)","decl":{"start":{"line":103,"column":71},"end":{"line":103,"column":null}},"loc":{"start":{"line":104,"column":20},"end":{"line":104,"column":null}},"line":104},"10":{"name":"(anonymous_10)","decl":{"start":{"line":133,"column":42},"end":{"line":133,"column":47}},"loc":{"start":{"line":133,"column":47},"end":{"line":133,"column":null}},"line":133},"11":{"name":"(anonymous_11)","decl":{"start":{"line":134,"column":43},"end":{"line":134,"column":48}},"loc":{"start":{"line":134,"column":48},"end":{"line":134,"column":null}},"line":134},"12":{"name":"(anonymous_12)","decl":{"start":{"line":143,"column":42},"end":{"line":143,"column":47}},"loc":{"start":{"line":143,"column":47},"end":{"line":143,"column":null}},"line":143},"13":{"name":"(anonymous_13)","decl":{"start":{"line":146,"column":56},"end":{"line":146,"column":null}},"loc":{"start":{"line":147,"column":36},"end":{"line":147,"column":null}},"line":147},"14":{"name":"(anonymous_14)","decl":{"start":{"line":169,"column":37},"end":{"line":169,"column":43}},"loc":{"start":{"line":169,"column":43},"end":{"line":169,"column":null}},"line":169},"15":{"name":"(anonymous_15)","decl":{"start":{"line":185,"column":41},"end":{"line":185,"column":47}},"loc":{"start":{"line":185,"column":47},"end":{"line":185,"column":null}},"line":185},"16":{"name":"(anonymous_16)","decl":{"start":{"line":206,"column":54},"end":{"line":206,"column":55}},"loc":{"start":{"line":206,"column":61},"end":{"line":206,"column":null}},"line":206},"17":{"name":"(anonymous_17)","decl":{"start":{"line":218,"column":54},"end":{"line":218,"column":55}},"loc":{"start":{"line":218,"column":61},"end":{"line":218,"column":null}},"line":218},"18":{"name":"(anonymous_18)","decl":{"start":{"line":221,"column":68},"end":{"line":221,"column":null}},"loc":{"start":{"line":222,"column":48},"end":{"line":222,"column":null}},"line":222},"19":{"name":"(anonymous_19)","decl":{"start":{"line":238,"column":68},"end":{"line":238,"column":74}},"loc":{"start":{"line":238,"column":74},"end":{"line":238,"column":98}},"line":238}},"branchMap":{"0":{"loc":{"start":{"line":29,"column":8},"end":{"line":32,"column":null}},"type":"if","locations":[{"start":{"line":29,"column":8},"end":{"line":32,"column":null}},{"start":{},"end":{}}],"line":29},"1":{"loc":{"start":{"line":36,"column":12},"end":{"line":44,"column":null}},"type":"if","locations":[{"start":{"line":36,"column":12},"end":{"line":44,"column":null}},{"start":{"line":38,"column":19},"end":{"line":44,"column":null}}],"line":36},"2":{"loc":{"start":{"line":62,"column":12},"end":{"line":81,"column":null}},"type":"if","locations":[{"start":{"line":62,"column":12},"end":{"line":81,"column":null}},{"start":{"line":79,"column":19},"end":{"line":81,"column":null}}],"line":62},"3":{"loc":{"start":{"line":62,"column":16},"end":{"line":62,"column":69}},"type":"binary-expr","locations":[{"start":{"line":62,"column":16},"end":{"line":62,"column":38}},{"start":{"line":62,"column":38},"end":{"line":62,"column":69}}],"line":62},"4":{"loc":{"start":{"line":71,"column":24},"end":{"line":71,"column":null}},"type":"if","locations":[{"start":{"line":71,"column":24},"end":{"line":71,"column":null}},{"start":{},"end":{}}],"line":71},"5":{"loc":{"start":{"line":91,"column":8},"end":{"line":115,"column":null}},"type":"if","locations":[{"start":{"line":91,"column":8},"end":{"line":115,"column":null}},{"start":{"line":93,"column":15},"end":{"line":115,"column":null}}],"line":91},"6":{"loc":{"start":{"line":96,"column":30},"end":{"line":96,"column":57}},"type":"binary-expr","locations":[{"start":{"line":96,"column":30},"end":{"line":96,"column":52}},{"start":{"line":96,"column":52},"end":{"line":96,"column":57}}],"line":96},"7":{"loc":{"start":{"line":102,"column":12},"end":{"line":106,"column":null}},"type":"if","locations":[{"start":{"line":102,"column":12},"end":{"line":106,"column":null}},{"start":{},"end":{}}],"line":102},"8":{"loc":{"start":{"line":121,"column":13},"end":{"line":159,"column":null}},"type":"binary-expr","locations":[{"start":{"line":121,"column":13},"end":{"line":121,"column":null}},{"start":{"line":122,"column":16},"end":{"line":159,"column":null}}],"line":121},"9":{"loc":{"start":{"line":134,"column":48},"end":{"line":134,"column":null}},"type":"binary-expr","locations":[{"start":{"line":134,"column":48},"end":{"line":134,"column":69}},{"start":{"line":134,"column":69},"end":{"line":134,"column":null}}],"line":134},"10":{"loc":{"start":{"line":154,"column":115},"end":{"line":154,"column":278}},"type":"cond-expr","locations":[{"start":{"line":154,"column":132},"end":{"line":154,"column":167}},{"start":{"line":154,"column":167},"end":{"line":154,"column":278}}],"line":154},"11":{"loc":{"start":{"line":156,"column":29},"end":{"line":156,"column":null}},"type":"cond-expr","locations":[{"start":{"line":156,"column":46},"end":{"line":156,"column":60}},{"start":{"line":156,"column":60},"end":{"line":156,"column":null}}],"line":156},"12":{"loc":{"start":{"line":163,"column":13},"end":{"line":263,"column":null}},"type":"binary-expr","locations":[{"start":{"line":163,"column":13},"end":{"line":163,"column":null}},{"start":{"line":164,"column":16},"end":{"line":263,"column":null}}],"line":163},"13":{"loc":{"start":{"line":174,"column":29},"end":{"line":182,"column":null}},"type":"binary-expr","locations":[{"start":{"line":174,"column":29},"end":{"line":174,"column":null}},{"start":{"line":175,"column":32},"end":{"line":182,"column":null}}],"line":174},"14":{"loc":{"start":{"line":195,"column":25},"end":{"line":235,"column":null}},"type":"binary-expr","locations":[{"start":{"line":195,"column":25},"end":{"line":195,"column":null}},{"start":{"line":196,"column":28},"end":{"line":235,"column":null}}],"line":195},"15":{"loc":{"start":{"line":231,"column":120},"end":{"line":231,"column":345}},"type":"cond-expr","locations":[{"start":{"line":231,"column":132},"end":{"line":231,"column":167}},{"start":{"line":231,"column":167},"end":{"line":231,"column":345}}],"line":231},"16":{"loc":{"start":{"line":233,"column":37},"end":{"line":233,"column":null}},"type":"cond-expr","locations":[{"start":{"line":233,"column":49},"end":{"line":233,"column":65}},{"start":{"line":233,"column":65},"end":{"line":233,"column":null}}],"line":233},"17":{"loc":{"start":{"line":238,"column":25},"end":{"line":238,"column":null}},"type":"binary-expr","locations":[{"start":{"line":238,"column":25},"end":{"line":238,"column":52}},{"start":{"line":238,"column":52},"end":{"line":238,"column":null}}],"line":238},"18":{"loc":{"start":{"line":240,"column":25},"end":{"line":260,"column":null}},"type":"binary-expr","locations":[{"start":{"line":240,"column":25},"end":{"line":240,"column":null}},{"start":{"line":241,"column":28},"end":{"line":260,"column":null}}],"line":240},"19":{"loc":{"start":{"line":254,"column":33},"end":{"line":258,"column":null}},"type":"binary-expr","locations":[{"start":{"line":254,"column":33},"end":{"line":254,"column":null}},{"start":{"line":255,"column":36},"end":{"line":258,"column":null}}],"line":254},"20":{"loc":{"start":{"line":268,"column":21},"end":{"line":268,"column":null}},"type":"binary-expr","locations":[{"start":{"line":268,"column":21},"end":{"line":268,"column":30}},{"start":{"line":268,"column":30},"end":{"line":268,"column":null}}],"line":268}},"s":{"0":1,"1":1,"2":1,"3":1,"4":1,"5":1,"6":1,"7":1,"8":1,"9":0,"10":1,"11":0,"12":1,"13":1,"14":1,"15":1,"16":0,"17":0,"18":0,"19":0,"20":0,"21":0,"22":0,"23":0,"24":0,"25":0,"26":0,"27":0,"28":0,"29":1,"30":0,"31":0,"32":0,"33":0,"34":0,"35":0,"36":0,"37":0,"38":0,"39":0,"40":0,"41":0,"42":0,"43":0,"44":0,"45":0,"46":0,"47":0,"48":0,"49":0,"50":0,"51":0,"52":1,"53":0,"54":0,"55":0,"56":0,"57":0,"58":0,"59":0,"60":0,"61":0,"62":0,"63":0,"64":1,"65":0,"66":0,"67":0,"68":6,"69":0,"70":0,"71":0,"72":0,"73":0,"74":0},"f":{"0":1,"1":0,"2":0,"3":0,"4":0,"5":0,"6":0,"7":0,"8":0,"9":0,"10":0,"11":0,"12":0,"13":6,"14":0,"15":0,"16":0,"17":0,"18":0,"19":0},"b":{"0":[0,0],"1":[0,0],"2":[0,0],"3":[0,0],"4":[0,0],"5":[0,0],"6":[0,0],"7":[0,0],"8":[1,1],"9":[0,0],"10":[0,1],"11":[0,1],"12":[1,0],"13":[0,0],"14":[0,0],"15":[0,0],"16":[0,0],"17":[0,0],"18":[0,0],"19":[0,0],"20":[1,1]},"meta":{"lastBranch":21,"lastFunction":20,"lastStatement":75,"seen":{"f:9:9:9:15":0,"s:10:66:10:Infinity":0,"s:11:38:11:Infinity":1,"s:12:56:12:Infinity":2,"s:13:46:13:Infinity":3,"s:14:42:14:Infinity":4,"s:15:34:15:Infinity":5,"s:16:34:16:Infinity":6,"s:19:26:19:Infinity":7,"s:20:22:20:Infinity":8,"f:20:22:20:23":1,"s:20:74:20:Infinity":9,"s:21:23:21:Infinity":10,"f:21:23:21:29":2,"s:21:29:21:Infinity":11,"s:24:42:24:Infinity":12,"s:25:36:25:Infinity":13,"s:26:44:26:Infinity":14,"s:28:24:56:Infinity":15,"f:28:24:28:36":3,"b:29:8:32:Infinity:undefined:undefined:undefined:undefined":0,"s:29:8:32:Infinity":16,"s:30:12:30:Infinity":17,"s:31:12:31:Infinity":18,"s:33:8:33:Infinity":19,"s:34:8:55:Infinity":20,"s:35:29:35:Infinity":21,"b:36:12:44:Infinity:38:19:44:Infinity":1,"s:36:12:44:Infinity":22,"s:37:16:37:Infinity":23,"s:40:16:43:Infinity":24,"s:45:12:45:Infinity":25,"s:48:12:51:Infinity":26,"s:52:12:52:Infinity":27,"s:54:12:54:Infinity":28,"s:58:28:88:Infinity":29,"f:58:28:58:40":4,"s:59:8:59:Infinity":30,"s:60:8:87:Infinity":31,"s:61:29:61:Infinity":32,"b:62:12:81:Infinity:79:19:81:Infinity":2,"s:62:12:81:Infinity":33,"b:62:16:62:38:62:38:62:69":3,"s:64:36:64:Infinity":34,"s:65:37:74:Infinity":35,"f:65:156:65:157":5,"s:66:57:66:Infinity":36,"s:67:33:67:Infinity":37,"s:68:20:72:Infinity":38,"f:68:38:68:39":6,"s:69:36:69:Infinity":39,"s:70:24:70:Infinity":40,"b:71:24:71:Infinity:undefined:undefined:undefined:undefined":4,"s:71:24:71:Infinity":41,"s:71:43:71:Infinity":42,"s:73:20:73:Infinity":43,"s:75:16:75:Infinity":44,"s:76:16:76:Infinity":45,"s:77:16:77:Infinity":46,"s:78:16:78:Infinity":47,"s:80:16:80:Infinity":48,"s:83:12:83:Infinity":49,"s:84:12:84:Infinity":50,"s:86:12:86:Infinity":51,"s:90:31:116:Infinity":52,"f:90:31:90:43":7,"b:91:8:115:Infinity:93:15:115:Infinity":5,"s:91:8:115:Infinity":53,"s:92:12:92:Infinity":54,"f:92:36:92:44":8,"s:92:44:92:52":55,"s:95:32:95:Infinity":56,"s:96:18:96:Infinity":57,"b:96:30:96:52:96:52:96:57":6,"s:99:12:99:Infinity":58,"b:102:12:106:Infinity:undefined:undefined:undefined:undefined":7,"s:102:12:106:Infinity":59,"s:103:16:105:Infinity":60,"f:103:71:103:Infinity":9,"s:104:20:104:Infinity":61,"s:108:12:113:Infinity":62,"s:114:12:114:Infinity":63,"s:118:4:271:Infinity":64,"b:121:13:121:Infinity:122:16:159:Infinity":8,"f:133:42:133:47":10,"s:133:47:133:Infinity":65,"f:134:43:134:48":11,"s:134:48:134:Infinity":66,"b:134:48:134:69:134:69:134:Infinity":9,"f:143:42:143:47":12,"s:143:47:143:Infinity":67,"f:146:56:146:Infinity":13,"s:147:36:147:Infinity":68,"b:154:132:154:167:154:167:154:278":10,"b:156:46:156:60:156:60:156:Infinity":11,"b:163:13:163:Infinity:164:16:263:Infinity":12,"f:169:37:169:43":14,"s:169:43:169:Infinity":69,"b:174:29:174:Infinity:175:32:182:Infinity":13,"f:185:41:185:47":15,"s:185:47:185:Infinity":70,"b:195:25:195:Infinity:196:28:235:Infinity":14,"f:206:54:206:55":16,"s:206:61:206:Infinity":71,"f:218:54:218:55":17,"s:218:61:218:Infinity":72,"f:221:68:221:Infinity":18,"s:222:48:222:Infinity":73,"b:231:132:231:167:231:167:231:345":15,"b:233:49:233:65:233:65:233:Infinity":16,"b:238:25:238:52:238:52:238:Infinity":17,"f:238:68:238:74":19,"s:238:74:238:98":74,"b:240:25:240:Infinity:241:28:260:Infinity":18,"b:254:33:254:Infinity:255:36:258:Infinity":19,"b:268:21:268:30:268:30:268:Infinity":20}}}
,"C:\\Users\\USER\\.gemini\\antigravity\\scratch\\pony-game\\src\\api\\gasService.ts": {"path":"C:\\Users\\USER\\.gemini\\antigravity\\scratch\\pony-game\\src\\api\\gasService.ts","statementMap":{"0":{"start":{"line":4,"column":16},"end":{"line":6,"column":null}},"1":{"start":{"line":10,"column":4},"end":{"line":30,"column":null}},"2":{"start":{"line":12,"column":25},"end":{"line":17,"column":null}},"3":{"start":{"line":19,"column":8},"end":{"line":21,"column":null}},"4":{"start":{"line":20,"column":12},"end":{"line":20,"column":null}},"5":{"start":{"line":24,"column":23},"end":{"line":24,"column":null}},"6":{"start":{"line":25,"column":8},"end":{"line":25,"column":null}},"7":{"start":{"line":26,"column":8},"end":{"line":26,"column":null}},"8":{"start":{"line":28,"column":8},"end":{"line":28,"column":null}},"9":{"start":{"line":29,"column":8},"end":{"line":29,"column":null}},"10":{"start":{"line":34,"column":26},"end":{"line":46,"column":null}},"11":{"start":{"line":36,"column":8},"end":{"line":36,"column":null}},"12":{"start":{"line":39,"column":8},"end":{"line":39,"column":null}},"13":{"start":{"line":42,"column":8},"end":{"line":42,"column":null}},"14":{"start":{"line":45,"column":8},"end":{"line":45,"column":null}}},"fnMap":{"0":{"name":"fetchGas","decl":{"start":{"line":9,"column":15},"end":{"line":9,"column":27}},"loc":{"start":{"line":9,"column":94},"end":{"line":31,"column":null}},"line":9},"1":{"name":"(anonymous_1)","decl":{"start":{"line":35,"column":23},"end":{"line":35,"column":24}},"loc":{"start":{"line":36,"column":8},"end":{"line":36,"column":null}},"line":36},"2":{"name":"(anonymous_2)","decl":{"start":{"line":38,"column":18},"end":{"line":38,"column":19}},"loc":{"start":{"line":39,"column":8},"end":{"line":39,"column":null}},"line":39},"3":{"name":"(anonymous_3)","decl":{"start":{"line":41,"column":17},"end":{"line":41,"column":18}},"loc":{"start":{"line":42,"column":8},"end":{"line":42,"column":null}},"line":42},"4":{"name":"(anonymous_4)","decl":{"start":{"line":44,"column":21},"end":{"line":44,"column":22}},"loc":{"start":{"line":45,"column":8},"end":{"line":45,"column":null}},"line":45}},"branchMap":{"0":{"loc":{"start":{"line":4,"column":16},"end":{"line":6,"column":null}},"type":"cond-expr","locations":[{"start":{"line":5,"column":6},"end":{"line":5,"column":null}},{"start":{"line":6,"column":6},"end":{"line":6,"column":null}}],"line":4},"1":{"loc":{"start":{"line":9,"column":43},"end":{"line":9,"column":94}},"type":"default-arg","locations":[{"start":{"line":9,"column":78},"end":{"line":9,"column":94}}],"line":9},"2":{"loc":{"start":{"line":19,"column":8},"end":{"line":21,"column":null}},"type":"if","locations":[{"start":{"line":19,"column":8},"end":{"line":21,"column":null}},{"start":{},"end":{}}],"line":19}},"s":{"0":1,"1":0,"2":0,"3":0,"4":0,"5":0,"6":0,"7":0,"8":0,"9":0,"10":1,"11":0,"12":0,"13":0,"14":0},"f":{"0":0,"1":0,"2":0,"3":0,"4":0},"b":{"0":[1,0],"1":[0],"2":[0,0]},"meta":{"lastBranch":3,"lastFunction":5,"lastStatement":15,"seen":{"s:4:16:6:Infinity":0,"b:5:6:5:Infinity:6:6:6:Infinity":0,"f:9:15:9:27":0,"b:9:78:9:94":1,"s:10:4:30:Infinity":1,"s:12:25:17:Infinity":2,"b:19:8:21:Infinity:undefined:undefined:undefined:undefined":2,"s:19:8:21:Infinity":3,"s:20:12:20:Infinity":4,"s:24:23:24:Infinity":5,"s:25:8:25:Infinity":6,"s:26:8:26:Infinity":7,"s:28:8:28:Infinity":8,"s:29:8:29:Infinity":9,"s:34:26:46:Infinity":10,"f:35:23:35:24":1,"s:36:8:36:Infinity":11,"f:38:18:38:19":2,"s:39:8:39:Infinity":12,"f:41:17:41:18":3,"s:42:8:42:Infinity":13,"f:44:21:44:22":4,"s:45:8:45:Infinity":14}}}
,"C:\\Users\\USER\\.gemini\\antigravity\\scratch\\pony-game\\src\\components\\game\\QuizCard.tsx": {"path":"C:\\Users\\USER\\.gemini\\antigravity\\scratch\\pony-game\\src\\components\\game\\QuizCard.tsx","statementMap":{"0":{"start":{"line":11,"column":51},"end":{"line":103,"column":null}},"1":{"start":{"line":12,"column":37},"end":{"line":12,"column":null}},"2":{"start":{"line":13,"column":38},"end":{"line":13,"column":null}},"3":{"start":{"line":14,"column":40},"end":{"line":14,"column":null}},"4":{"start":{"line":15,"column":34},"end":{"line":15,"column":null}},"5":{"start":{"line":17,"column":10},"end":{"line":40,"column":null}},"6":{"start":{"line":18,"column":8},"end":{"line":18,"column":null}},"7":{"start":{"line":18,"column":25},"end":{"line":18,"column":null}},"8":{"start":{"line":20,"column":8},"end":{"line":20,"column":null}},"9":{"start":{"line":21,"column":26},"end":{"line":21,"column":null}},"10":{"start":{"line":23,"column":8},"end":{"line":39,"column":null}},"11":{"start":{"line":24,"column":12},"end":{"line":24,"column":null}},"12":{"start":{"line":25,"column":12},"end":{"line":25,"column":null}},"13":{"start":{"line":26,"column":12},"end":{"line":30,"column":null}},"14":{"start":{"line":27,"column":16},"end":{"line":27,"column":null}},"15":{"start":{"line":28,"column":16},"end":{"line":28,"column":null}},"16":{"start":{"line":29,"column":16},"end":{"line":29,"column":null}},"17":{"start":{"line":32,"column":12},"end":{"line":32,"column":null}},"18":{"start":{"line":33,"column":12},"end":{"line":33,"column":null}},"19":{"start":{"line":34,"column":12},"end":{"line":38,"column":null}},"20":{"start":{"line":35,"column":16},"end":{"line":35,"column":null}},"21":{"start":{"line":36,"column":16},"end":{"line":36,"column":null}},"22":{"start":{"line":37,"column":16},"end":{"line":37,"column":null}},"23":{"start":{"line":42,"column":4},"end":{"line":101,"column":null}},"24":{"start":{"line":70,"column":39},"end":{"line":70,"column":null}},"25":{"start":{"line":73,"column":24},"end":{"line":81,"column":null}},"26":{"start":{"line":74,"column":28},"end":{"line":80,"column":null}},"27":{"start":{"line":75,"column":32},"end":{"line":75,"column":null}},"28":{"start":{"line":76,"column":28},"end":{"line":80,"column":null}},"29":{"start":{"line":77,"column":32},"end":{"line":77,"column":null}},"30":{"start":{"line":79,"column":32},"end":{"line":79,"column":null}},"31":{"start":{"line":83,"column":24},"end":{"line":96,"column":null}},"32":{"start":{"line":88,"column":47},"end":{"line":88,"column":null}},"33":{"start":{"line":105,"column":24},"end":{"line":105,"column":null}}},"fnMap":{"0":{"name":"(anonymous_0)","decl":{"start":{"line":11,"column":51},"end":{"line":11,"column":52}},"loc":{"start":{"line":11,"column":77},"end":{"line":103,"column":null}},"line":11},"1":{"name":"(anonymous_1)","decl":{"start":{"line":17,"column":37},"end":{"line":17,"column":38}},"loc":{"start":{"line":17,"column":57},"end":{"line":40,"column":7}},"line":17},"2":{"name":"(anonymous_2)","decl":{"start":{"line":26,"column":23},"end":{"line":26,"column":29}},"loc":{"start":{"line":26,"column":29},"end":{"line":30,"column":15}},"line":26},"3":{"name":"(anonymous_3)","decl":{"start":{"line":34,"column":23},"end":{"line":34,"column":29}},"loc":{"start":{"line":34,"column":29},"end":{"line":38,"column":15}},"line":34},"4":{"name":"(anonymous_4)","decl":{"start":{"line":69,"column":82},"end":{"line":69,"column":83}},"loc":{"start":{"line":69,"column":98},"end":{"line":98,"column":21}},"line":69},"5":{"name":"(anonymous_5)","decl":{"start":{"line":88,"column":41},"end":{"line":88,"column":47}},"loc":{"start":{"line":88,"column":47},"end":{"line":88,"column":null}},"line":88}},"branchMap":{"0":{"loc":{"start":{"line":18,"column":8},"end":{"line":18,"column":null}},"type":"if","locations":[{"start":{"line":18,"column":8},"end":{"line":18,"column":null}},{"start":{},"end":{}}],"line":18},"1":{"loc":{"start":{"line":23,"column":8},"end":{"line":39,"column":null}},"type":"if","locations":[{"start":{"line":23,"column":8},"end":{"line":39,"column":null}},{"start":{"line":31,"column":15},"end":{"line":39,"column":null}}],"line":23},"2":{"loc":{"start":{"line":46,"column":17},"end":{"line":54,"column":null}},"type":"binary-expr","locations":[{"start":{"line":46,"column":17},"end":{"line":46,"column":null}},{"start":{"line":47,"column":20},"end":{"line":54,"column":null}}],"line":46},"3":{"loc":{"start":{"line":59,"column":25},"end":{"line":59,"column":null}},"type":"cond-expr","locations":[{"start":{"line":59,"column":40},"end":{"line":59,"column":71}},{"start":{"line":59,"column":71},"end":{"line":59,"column":null}}],"line":59},"4":{"loc":{"start":{"line":61,"column":125},"end":{"line":61,"column":null}},"type":"cond-expr","locations":[{"start":{"line":61,"column":140},"end":{"line":61,"column":172}},{"start":{"line":61,"column":172},"end":{"line":61,"column":null}}],"line":61},"5":{"loc":{"start":{"line":73,"column":24},"end":{"line":81,"column":null}},"type":"if","locations":[{"start":{"line":73,"column":24},"end":{"line":81,"column":null}},{"start":{},"end":{}}],"line":73},"6":{"loc":{"start":{"line":74,"column":28},"end":{"line":80,"column":null}},"type":"if","locations":[{"start":{"line":74,"column":28},"end":{"line":80,"column":null}},{"start":{"line":76,"column":28},"end":{"line":80,"column":null}}],"line":74},"7":{"loc":{"start":{"line":76,"column":28},"end":{"line":80,"column":null}},"type":"if","locations":[{"start":{"line":76,"column":28},"end":{"line":80,"column":null}},{"start":{"line":78,"column":35},"end":{"line":80,"column":null}}],"line":76},"8":{"loc":{"start":{"line":86,"column":44},"end":{"line":86,"column":null}},"type":"cond-expr","locations":[{"start":{"line":86,"column":59},"end":{"line":86,"column":77}},{"start":{"line":86,"column":77},"end":{"line":86,"column":null}}],"line":86},"9":{"loc":{"start":{"line":87,"column":42},"end":{"line":87,"column":null}},"type":"cond-expr","locations":[{"start":{"line":87,"column":57},"end":{"line":87,"column":75}},{"start":{"line":87,"column":75},"end":{"line":87,"column":null}}],"line":87}},"s":{"0":1,"1":0,"2":0,"3":0,"4":0,"5":0,"6":0,"7":0,"8":0,"9":0,"10":0,"11":0,"12":0,"13":0,"14":0,"15":0,"16":0,"17":0,"18":0,"19":0,"20":0,"21":0,"22":0,"23":0,"24":0,"25":0,"26":0,"27":0,"28":0,"29":0,"30":0,"31":0,"32":0,"33":1},"f":{"0":0,"1":0,"2":0,"3":0,"4":0,"5":0},"b":{"0":[0,0],"1":[0,0],"2":[0,0],"3":[0,0],"4":[0,0],"5":[0,0],"6":[0,0],"7":[0,0],"8":[0,0],"9":[0,0]},"meta":{"lastBranch":10,"lastFunction":6,"lastStatement":34,"seen":{"s:11:51:103:Infinity":0,"f:11:51:11:52":0,"s:12:37:12:Infinity":1,"s:13:38:13:Infinity":2,"s:14:40:14:Infinity":3,"s:15:34:15:Infinity":4,"s:17:10:40:Infinity":5,"f:17:37:17:38":1,"b:18:8:18:Infinity:undefined:undefined:undefined:undefined":0,"s:18:8:18:Infinity":6,"s:18:25:18:Infinity":7,"s:20:8:20:Infinity":8,"s:21:26:21:Infinity":9,"b:23:8:39:Infinity:31:15:39:Infinity":1,"s:23:8:39:Infinity":10,"s:24:12:24:Infinity":11,"s:25:12:25:Infinity":12,"s:26:12:30:Infinity":13,"f:26:23:26:29":2,"s:27:16:27:Infinity":14,"s:28:16:28:Infinity":15,"s:29:16:29:Infinity":16,"s:32:12:32:Infinity":17,"s:33:12:33:Infinity":18,"s:34:12:38:Infinity":19,"f:34:23:34:29":3,"s:35:16:35:Infinity":20,"s:36:16:36:Infinity":21,"s:37:16:37:Infinity":22,"s:42:4:101:Infinity":23,"b:46:17:46:Infinity:47:20:54:Infinity":2,"b:59:40:59:71:59:71:59:Infinity":3,"b:61:140:61:172:61:172:61:Infinity":4,"f:69:82:69:83":4,"s:70:39:70:Infinity":24,"b:73:24:81:Infinity:undefined:undefined:undefined:undefined":5,"s:73:24:81:Infinity":25,"b:74:28:80:Infinity:76:28:80:Infinity":6,"s:74:28:80:Infinity":26,"s:75:32:75:Infinity":27,"b:76:28:80:Infinity:78:35:80:Infinity":7,"s:76:28:80:Infinity":28,"s:77:32:77:Infinity":29,"s:79:32:79:Infinity":30,"s:83:24:96:Infinity":31,"b:86:59:86:77:86:77:86:Infinity":8,"b:87:57:87:75:87:75:87:Infinity":9,"f:88:41:88:47":5,"s:88:47:88:Infinity":32,"s:105:24:105:Infinity":33}}}
,"C:\\Users\\USER\\.gemini\\antigravity\\scratch\\pony-game\\src\\components\\store\\Store.tsx": {"path":"C:\\Users\\USER\\.gemini\\antigravity\\scratch\\pony-game\\src\\components\\store\\Store.tsx","statementMap":{"0":{"start":{"line":7,"column":24},"end":{"line":15,"column":null}},"1":{"start":{"line":9,"column":45},"end":{"line":14,"column":6}},"2":{"start":{"line":30,"column":36},"end":{"line":65,"column":null}},"3":{"start":{"line":31,"column":19},"end":{"line":35,"column":null}},"4":{"start":{"line":36,"column":4},"end":{"line":63,"column":null}},"5":{"start":{"line":48,"column":30},"end":{"line":48,"column":null}},"6":{"start":{"line":68,"column":43},"end":{"line":187,"column":null}},"7":{"start":{"line":69,"column":68},"end":{"line":69,"column":null}},"8":{"start":{"line":70,"column":34},"end":{"line":70,"column":null}},"9":{"start":{"line":71,"column":26},"end":{"line":71,"column":null}},"10":{"start":{"line":73,"column":4},"end":{"line":73,"column":null}},"11":{"start":{"line":73,"column":22},"end":{"line":73,"column":null}},"12":{"start":{"line":75,"column":22},"end":{"line":75,"column":null}},"13":{"start":{"line":75,"column":62},"end":{"line":75,"column":null}},"14":{"start":{"line":76,"column":23},"end":{"line":76,"column":null}},"15":{"start":{"line":76,"column":29},"end":{"line":76,"column":null}},"16":{"start":{"line":78,"column":27},"end":{"line":105,"column":null}},"17":{"start":{"line":79,"column":8},"end":{"line":79,"column":null}},"18":{"start":{"line":79,"column":23},"end":{"line":79,"column":null}},"19":{"start":{"line":80,"column":8},"end":{"line":80,"column":null}},"20":{"start":{"line":81,"column":8},"end":{"line":104,"column":null}},"21":{"start":{"line":82,"column":12},"end":{"line":97,"column":null}},"22":{"start":{"line":83,"column":33},"end":{"line":83,"column":null}},"23":{"start":{"line":86,"column":16},"end":{"line":89,"column":null}},"24":{"start":{"line":92,"column":16},"end":{"line":92,"column":null}},"25":{"start":{"line":94,"column":16},"end":{"line":94,"column":null}},"26":{"start":{"line":96,"column":16},"end":{"line":96,"column":null}},"27":{"start":{"line":99,"column":12},"end":{"line":99,"column":null}},"28":{"start":{"line":101,"column":12},"end":{"line":101,"column":null}},"29":{"start":{"line":103,"column":12},"end":{"line":103,"column":null}},"30":{"start":{"line":107,"column":24},"end":{"line":110,"column":null}},"31":{"start":{"line":108,"column":8},"end":{"line":108,"column":null}},"32":{"start":{"line":109,"column":8},"end":{"line":109,"column":null}},"33":{"start":{"line":112,"column":4},"end":{"line":185,"column":null}},"34":{"start":{"line":140,"column":44},"end":{"line":140,"column":null}},"35":{"start":{"line":141,"column":47},"end":{"line":141,"column":null}},"36":{"start":{"line":143,"column":28},"end":{"line":179,"column":null}},"37":{"start":{"line":161,"column":59},"end":{"line":161,"column":null}},"38":{"start":{"line":169,"column":59},"end":{"line":169,"column":null}}},"fnMap":{"0":{"name":"(anonymous_0)","decl":{"start":{"line":9,"column":34},"end":{"line":9,"column":35}},"loc":{"start":{"line":9,"column":45},"end":{"line":14,"column":6}},"line":9},"1":{"name":"(anonymous_1)","decl":{"start":{"line":30,"column":36},"end":{"line":30,"column":37}},"loc":{"start":{"line":30,"column":91},"end":{"line":65,"column":null}},"line":30},"2":{"name":"(anonymous_2)","decl":{"start":{"line":48,"column":25},"end":{"line":48,"column":30}},"loc":{"start":{"line":48,"column":30},"end":{"line":48,"column":null}},"line":48},"3":{"name":"(anonymous_3)","decl":{"start":{"line":68,"column":43},"end":{"line":68,"column":44}},"loc":{"start":{"line":68,"column":60},"end":{"line":187,"column":null}},"line":68},"4":{"name":"(anonymous_4)","decl":{"start":{"line":75,"column":22},"end":{"line":75,"column":23}},"loc":{"start":{"line":75,"column":62},"end":{"line":75,"column":null}},"line":75},"5":{"name":"(anonymous_5)","decl":{"start":{"line":76,"column":23},"end":{"line":76,"column":29}},"loc":{"start":{"line":76,"column":29},"end":{"line":76,"column":null}},"line":76},"6":{"name":"(anonymous_6)","decl":{"start":{"line":78,"column":27},"end":{"line":78,"column":34}},"loc":{"start":{"line":78,"column":70},"end":{"line":105,"column":null}},"line":78},"7":{"name":"(anonymous_7)","decl":{"start":{"line":107,"column":24},"end":{"line":107,"column":25}},"loc":{"start":{"line":107,"column":46},"end":{"line":110,"column":null}},"line":107},"8":{"name":"(anonymous_8)","decl":{"start":{"line":139,"column":45},"end":{"line":139,"column":46}},"loc":{"start":{"line":139,"column":55},"end":{"line":181,"column":25}},"line":139},"9":{"name":"(anonymous_9)","decl":{"start":{"line":161,"column":53},"end":{"line":161,"column":59}},"loc":{"start":{"line":161,"column":59},"end":{"line":161,"column":null}},"line":161},"10":{"name":"(anonymous_10)","decl":{"start":{"line":169,"column":53},"end":{"line":169,"column":59}},"loc":{"start":{"line":169,"column":59},"end":{"line":169,"column":null}},"line":169}},"branchMap":{"0":{"loc":{"start":{"line":30,"column":71},"end":{"line":30,"column":85}},"type":"default-arg","locations":[{"start":{"line":30,"column":78},"end":{"line":30,"column":85}}],"line":30},"1":{"loc":{"start":{"line":73,"column":4},"end":{"line":73,"column":null}},"type":"if","locations":[{"start":{"line":73,"column":4},"end":{"line":73,"column":null}},{"start":{},"end":{}}],"line":73},"2":{"loc":{"start":{"line":79,"column":8},"end":{"line":79,"column":null}},"type":"if","locations":[{"start":{"line":79,"column":8},"end":{"line":79,"column":null}},{"start":{},"end":{}}],"line":79},"3":{"loc":{"start":{"line":82,"column":12},"end":{"line":97,"column":null}},"type":"if","locations":[{"start":{"line":82,"column":12},"end":{"line":97,"column":null}},{"start":{"line":95,"column":19},"end":{"line":97,"column":null}}],"line":82},"4":{"loc":{"start":{"line":116,"column":17},"end":{"line":116,"column":null}},"type":"binary-expr","locations":[{"start":{"line":116,"column":17},"end":{"line":116,"column":26}},{"start":{"line":116,"column":26},"end":{"line":116,"column":null}}],"line":116},"5":{"loc":{"start":{"line":140,"column":44},"end":{"line":140,"column":null}},"type":"binary-expr","locations":[{"start":{"line":140,"column":44},"end":{"line":140,"column":64}},{"start":{"line":140,"column":64},"end":{"line":140,"column":null}}],"line":140},"6":{"loc":{"start":{"line":147,"column":121},"end":{"line":147,"column":184}},"type":"cond-expr","locations":[{"start":{"line":147,"column":134},"end":{"line":147,"column":167}},{"start":{"line":147,"column":167},"end":{"line":147,"column":184}}],"line":147},"7":{"loc":{"start":{"line":156,"column":37},"end":{"line":177,"column":null}},"type":"cond-expr","locations":[{"start":{"line":157,"column":40},"end":{"line":157,"column":null}},{"start":{"line":158,"column":40},"end":{"line":177,"column":null}}],"line":156},"8":{"loc":{"start":{"line":158,"column":40},"end":{"line":177,"column":null}},"type":"cond-expr","locations":[{"start":{"line":159,"column":40},"end":{"line":165,"column":null}},{"start":{"line":167,"column":40},"end":{"line":177,"column":null}}],"line":158},"9":{"loc":{"start":{"line":170,"column":54},"end":{"line":170,"column":null}},"type":"binary-expr","locations":[{"start":{"line":170,"column":54},"end":{"line":170,"column":88}},{"start":{"line":170,"column":88},"end":{"line":170,"column":null}}],"line":170},"10":{"loc":{"start":{"line":171,"column":120},"end":{"line":173,"column":null}},"type":"cond-expr","locations":[{"start":{"line":172,"column":54},"end":{"line":172,"column":null}},{"start":{"line":173,"column":54},"end":{"line":173,"column":null}}],"line":171},"11":{"loc":{"start":{"line":176,"column":45},"end":{"line":176,"column":null}},"type":"cond-expr","locations":[{"start":{"line":176,"column":57},"end":{"line":176,"column":65}},{"start":{"line":176,"column":65},"end":{"line":176,"column":null}}],"line":176}},"s":{"0":1,"1":12,"2":1,"3":0,"4":0,"5":0,"6":1,"7":0,"8":0,"9":0,"10":0,"11":0,"12":0,"13":0,"14":0,"15":0,"16":0,"17":0,"18":0,"19":0,"20":0,"21":0,"22":0,"23":0,"24":0,"25":0,"26":0,"27":0,"28":0,"29":0,"30":0,"31":0,"32":0,"33":0,"34":0,"35":0,"36":0,"37":0,"38":0},"f":{"0":12,"1":0,"2":0,"3":0,"4":0,"5":0,"6":0,"7":0,"8":0,"9":0,"10":0},"b":{"0":[0],"1":[0,0],"2":[0,0],"3":[0,0],"4":[0,0],"5":[0,0],"6":[0,0],"7":[0,0],"8":[0,0],"9":[0,0],"10":[0,0],"11":[0,0]},"meta":{"lastBranch":12,"lastFunction":11,"lastStatement":39,"seen":{"s:7:24:15:Infinity":0,"f:9:34:9:35":0,"s:9:45:14:6":1,"s:30:36:65:Infinity":2,"f:30:36:30:37":1,"b:30:78:30:85":0,"s:31:19:35:Infinity":3,"s:36:4:63:Infinity":4,"f:48:25:48:30":2,"s:48:30:48:Infinity":5,"s:68:43:187:Infinity":6,"f:68:43:68:44":3,"s:69:68:69:Infinity":7,"s:70:34:70:Infinity":8,"s:71:26:71:Infinity":9,"b:73:4:73:Infinity:undefined:undefined:undefined:undefined":1,"s:73:4:73:Infinity":10,"s:73:22:73:Infinity":11,"s:75:22:75:Infinity":12,"f:75:22:75:23":4,"s:75:62:75:Infinity":13,"s:76:23:76:Infinity":14,"f:76:23:76:29":5,"s:76:29:76:Infinity":15,"s:78:27:105:Infinity":16,"f:78:27:78:34":6,"b:79:8:79:Infinity:undefined:undefined:undefined:undefined":2,"s:79:8:79:Infinity":17,"s:79:23:79:Infinity":18,"s:80:8:80:Infinity":19,"s:81:8:104:Infinity":20,"b:82:12:97:Infinity:95:19:97:Infinity":3,"s:82:12:97:Infinity":21,"s:83:33:83:Infinity":22,"s:86:16:89:Infinity":23,"s:92:16:92:Infinity":24,"s:94:16:94:Infinity":25,"s:96:16:96:Infinity":26,"s:99:12:99:Infinity":27,"s:101:12:101:Infinity":28,"s:103:12:103:Infinity":29,"s:107:24:110:Infinity":30,"f:107:24:107:25":7,"s:108:8:108:Infinity":31,"s:109:8:109:Infinity":32,"s:112:4:185:Infinity":33,"b:116:17:116:26:116:26:116:Infinity":4,"f:139:45:139:46":8,"s:140:44:140:Infinity":34,"b:140:44:140:64:140:64:140:Infinity":5,"s:141:47:141:Infinity":35,"s:143:28:179:Infinity":36,"b:147:134:147:167:147:167:147:184":6,"b:157:40:157:Infinity:158:40:177:Infinity":7,"b:159:40:165:Infinity:167:40:177:Infinity":8,"f:161:53:161:59":9,"s:161:59:161:Infinity":37,"f:169:53:169:59":10,"s:169:59:169:Infinity":38,"b:170:54:170:88:170:88:170:Infinity":9,"b:172:54:172:Infinity:173:54:173:Infinity":10,"b:176:57:176:65:176:65:176:Infinity":11}}}
,"C:\\Users\\USER\\.gemini\\antigravity\\scratch\\pony-game\\src\\components\\ui\\GameModal.tsx": {"path":"C:\\Users\\USER\\.gemini\\antigravity\\scratch\\pony-game\\src\\components\\ui\\GameModal.tsx","statementMap":{"0":{"start":{"line":12,"column":39},"end":{"line":16,"column":null}},"1":{"start":{"line":18,"column":74},"end":{"line":55,"column":null}},"2":{"start":{"line":21,"column":18},"end":{"line":21,"column":null}},"3":{"start":{"line":22,"column":4},"end":{"line":53,"column":null}},"4":{"start":{"line":36,"column":38},"end":{"line":36,"column":null}}},"fnMap":{"0":{"name":"(anonymous_0)","decl":{"start":{"line":18,"column":74},"end":{"line":18,"column":75}},"loc":{"start":{"line":20,"column":6},"end":{"line":55,"column":null}},"line":20},"1":{"name":"(anonymous_1)","decl":{"start":{"line":36,"column":33},"end":{"line":36,"column":38}},"loc":{"start":{"line":36,"column":38},"end":{"line":36,"column":null}},"line":36}},"branchMap":{"0":{"loc":{"start":{"line":19,"column":45},"end":{"line":19,"column":null}},"type":"default-arg","locations":[{"start":{"line":19,"column":52},"end":{"line":19,"column":null}}],"line":19},"1":{"loc":{"start":{"line":24,"column":13},"end":{"line":51,"column":null}},"type":"binary-expr","locations":[{"start":{"line":24,"column":13},"end":{"line":24,"column":null}},{"start":{"line":25,"column":16},"end":{"line":51,"column":null}}],"line":24}},"s":{"0":1,"1":1,"2":1,"3":1,"4":0},"f":{"0":1,"1":0},"b":{"0":[1],"1":[1,0]},"meta":{"lastBranch":2,"lastFunction":2,"lastStatement":5,"seen":{"s:12:39:16:Infinity":0,"s:18:74:55:Infinity":1,"f:18:74:18:75":0,"b:19:52:19:Infinity":0,"s:21:18:21:Infinity":2,"s:22:4:53:Infinity":3,"b:24:13:24:Infinity:25:16:51:Infinity":1,"f:36:33:36:38":1,"s:36:38:36:Infinity":4}}}
,"C:\\Users\\USER\\.gemini\\antigravity\\scratch\\pony-game\\src\\store\\useGameStore.ts": {"path":"C:\\Users\\USER\\.gemini\\antigravity\\scratch\\pony-game\\src\\store\\useGameStore.ts","statementMap":{"0":{"start":{"line":22,"column":23},"end":{"line":22,"column":null}},"1":{"start":{"line":24,"column":13},"end":{"line":78,"column":null}},"2":{"start":{"line":26,"column":23},"end":{"line":72,"column":null}},"3":{"start":{"line":31,"column":43},"end":{"line":31,"column":null}},"4":{"start":{"line":33,"column":37},"end":{"line":35,"column":null}},"5":{"start":{"line":33,"column":53},"end":{"line":35,"column":14}},"6":{"start":{"line":38,"column":51},"end":{"line":38,"column":null}},"7":{"start":{"line":39,"column":16},"end":{"line":41,"column":null}},"8":{"start":{"line":40,"column":20},"end":{"line":40,"column":null}},"9":{"start":{"line":43,"column":16},"end":{"line":46,"column":null}},"10":{"start":{"line":47,"column":16},"end":{"line":47,"column":null}},"11":{"start":{"line":50,"column":37},"end":{"line":52,"column":null}},"12":{"start":{"line":50,"column":53},"end":{"line":52,"column":14}},"13":{"start":{"line":54,"column":43},"end":{"line":56,"column":null}},"14":{"start":{"line":58,"column":34},"end":{"line":63,"column":null}},"15":{"start":{"line":59,"column":34},"end":{"line":59,"column":null}},"16":{"start":{"line":60,"column":16},"end":{"line":62,"column":null}},"17":{"start":{"line":65,"column":34},"end":{"line":67,"column":null}},"18":{"start":{"line":65,"column":50},"end":{"line":67,"column":14}},"19":{"start":{"line":69,"column":34},"end":{"line":71,"column":null}},"20":{"start":{"line":69,"column":50},"end":{"line":71,"column":14}},"21":{"start":{"line":75,"column":45},"end":{"line":75,"column":57}}},"fnMap":{"0":{"name":"(anonymous_0)","decl":{"start":{"line":26,"column":8},"end":{"line":26,"column":9}},"loc":{"start":{"line":26,"column":23},"end":{"line":72,"column":null}},"line":26},"1":{"name":"(anonymous_1)","decl":{"start":{"line":31,"column":19},"end":{"line":31,"column":20}},"loc":{"start":{"line":31,"column":43},"end":{"line":31,"column":null}},"line":31},"2":{"name":"(anonymous_2)","decl":{"start":{"line":33,"column":25},"end":{"line":33,"column":26}},"loc":{"start":{"line":33,"column":37},"end":{"line":35,"column":null}},"line":33},"3":{"name":"(anonymous_3)","decl":{"start":{"line":33,"column":41},"end":{"line":33,"column":42}},"loc":{"start":{"line":33,"column":53},"end":{"line":35,"column":14}},"line":33},"4":{"name":"(anonymous_4)","decl":{"start":{"line":37,"column":21},"end":{"line":37,"column":22}},"loc":{"start":{"line":37,"column":41},"end":{"line":48,"column":null}},"line":37},"5":{"name":"(anonymous_5)","decl":{"start":{"line":50,"column":23},"end":{"line":50,"column":24}},"loc":{"start":{"line":50,"column":37},"end":{"line":52,"column":null}},"line":50},"6":{"name":"(anonymous_6)","decl":{"start":{"line":50,"column":41},"end":{"line":50,"column":42}},"loc":{"start":{"line":50,"column":53},"end":{"line":52,"column":14}},"line":50},"7":{"name":"(anonymous_7)","decl":{"start":{"line":54,"column":23},"end":{"line":54,"column":24}},"loc":{"start":{"line":54,"column":43},"end":{"line":56,"column":null}},"line":54},"8":{"name":"(anonymous_8)","decl":{"start":{"line":58,"column":28},"end":{"line":58,"column":34}},"loc":{"start":{"line":58,"column":34},"end":{"line":63,"column":null}},"line":58},"9":{"name":"(anonymous_9)","decl":{"start":{"line":58,"column":38},"end":{"line":58,"column":39}},"loc":{"start":{"line":58,"column":49},"end":{"line":63,"column":13}},"line":58},"10":{"name":"(anonymous_10)","decl":{"start":{"line":65,"column":22},"end":{"line":65,"column":23}},"loc":{"start":{"line":65,"column":34},"end":{"line":67,"column":null}},"line":65},"11":{"name":"(anonymous_11)","decl":{"start":{"line":65,"column":38},"end":{"line":65,"column":39}},"loc":{"start":{"line":65,"column":50},"end":{"line":67,"column":14}},"line":65},"12":{"name":"(anonymous_12)","decl":{"start":{"line":69,"column":21},"end":{"line":69,"column":22}},"loc":{"start":{"line":69,"column":34},"end":{"line":71,"column":null}},"line":69},"13":{"name":"(anonymous_13)","decl":{"start":{"line":69,"column":38},"end":{"line":69,"column":39}},"loc":{"start":{"line":69,"column":50},"end":{"line":71,"column":14}},"line":69},"14":{"name":"(anonymous_14)","decl":{"start":{"line":75,"column":39},"end":{"line":75,"column":45}},"loc":{"start":{"line":75,"column":45},"end":{"line":75,"column":57}},"line":75}},"branchMap":{"0":{"loc":{"start":{"line":22,"column":23},"end":{"line":22,"column":null}},"type":"binary-expr","locations":[{"start":{"line":22,"column":23},"end":{"line":22,"column":70}},{"start":{"line":22,"column":70},"end":{"line":22,"column":null}}],"line":22},"1":{"loc":{"start":{"line":34,"column":29},"end":{"line":34,"column":null}},"type":"cond-expr","locations":[{"start":{"line":34,"column":49},"end":{"line":34,"column":117}},{"start":{"line":34,"column":117},"end":{"line":34,"column":null}}],"line":34},"2":{"loc":{"start":{"line":39,"column":16},"end":{"line":41,"column":null}},"type":"if","locations":[{"start":{"line":39,"column":16},"end":{"line":41,"column":null}},{"start":{},"end":{}}],"line":39},"3":{"loc":{"start":{"line":39,"column":20},"end":{"line":39,"column":105}},"type":"binary-expr","locations":[{"start":{"line":39,"column":20},"end":{"line":39,"column":36}},{"start":{"line":39,"column":36},"end":{"line":39,"column":64}},{"start":{"line":39,"column":64},"end":{"line":39,"column":105}}],"line":39},"4":{"loc":{"start":{"line":51,"column":29},"end":{"line":51,"column":null}},"type":"cond-expr","locations":[{"start":{"line":51,"column":49},"end":{"line":51,"column":103}},{"start":{"line":51,"column":103},"end":{"line":51,"column":null}}],"line":51},"5":{"loc":{"start":{"line":61,"column":87},"end":{"line":61,"column":128}},"type":"cond-expr","locations":[{"start":{"line":61,"column":105},"end":{"line":61,"column":118}},{"start":{"line":61,"column":118},"end":{"line":61,"column":128}}],"line":61},"6":{"loc":{"start":{"line":70,"column":57},"end":{"line":70,"column":90}},"type":"cond-expr","locations":[{"start":{"line":70,"column":67},"end":{"line":70,"column":79}},{"start":{"line":70,"column":79},"end":{"line":70,"column":90}}],"line":70}},"s":{"0":1,"1":1,"2":1,"3":0,"4":0,"5":0,"6":0,"7":0,"8":0,"9":0,"10":0,"11":0,"12":0,"13":0,"14":0,"15":0,"16":0,"17":0,"18":0,"19":0,"20":0,"21":1},"f":{"0":1,"1":0,"2":0,"3":0,"4":0,"5":0,"6":0,"7":0,"8":0,"9":0,"10":0,"11":0,"12":0,"13":0,"14":1},"b":{"0":[1,1],"1":[0,0],"2":[0,0],"3":[0,0,0],"4":[0,0],"5":[0,0],"6":[0,0]},"meta":{"lastBranch":7,"lastFunction":15,"lastStatement":22,"seen":{"s:22:23:22:Infinity":0,"b:22:23:22:70:22:70:22:Infinity":0,"s:24:13:78:Infinity":1,"f:26:8:26:9":0,"s:26:23:72:Infinity":2,"f:31:19:31:20":1,"s:31:43:31:Infinity":3,"f:33:25:33:26":2,"s:33:37:35:Infinity":4,"f:33:41:33:42":3,"s:33:53:35:14":5,"b:34:49:34:117:34:117:34:Infinity":1,"f:37:21:37:22":4,"s:38:51:38:Infinity":6,"b:39:16:41:Infinity:undefined:undefined:undefined:undefined":2,"s:39:16:41:Infinity":7,"b:39:20:39:36:39:36:39:64:39:64:39:105":3,"s:40:20:40:Infinity":8,"s:43:16:46:Infinity":9,"s:47:16:47:Infinity":10,"f:50:23:50:24":5,"s:50:37:52:Infinity":11,"f:50:41:50:42":6,"s:50:53:52:14":12,"b:51:49:51:103:51:103:51:Infinity":4,"f:54:23:54:24":7,"s:54:43:56:Infinity":13,"f:58:28:58:34":8,"s:58:34:63:Infinity":14,"f:58:38:58:39":9,"s:59:34:59:Infinity":15,"s:60:16:62:Infinity":16,"b:61:105:61:118:61:118:61:128":5,"f:65:22:65:23":10,"s:65:34:67:Infinity":17,"f:65:38:65:39":11,"s:65:50:67:14":18,"f:69:21:69:22":12,"s:69:34:71:Infinity":19,"f:69:38:69:39":13,"s:69:50:71:14":20,"b:70:67:70:79:70:79:70:90":6,"f:75:39:75:45":14,"s:75:45:75:57":21}}}
}
